2024-05-16 00:23:40 INFO 'getContent' start 4 tasks by parallel.
2024-05-16 00:23:43 INFO Task (https://ttzytp.com/dongman/xvhu6d.jpg) completed successfully.
2024-05-16 00:23:44 INFO Task (https://ttzytp.com/dongman/xvjq0t.jpg) completed successfully.
2024-05-16 00:23:45 INFO Task (https://ttzytp.com/dongman/xvlwc7.jpg) completed successfully.
2024-05-16 00:23:45 INFO Task (https://ttzytp.com/dongman/xvoi5z.jpg) completed successfully.
2024-05-16 00:23:45 INFO 'download_content' start 4 tasks by parallel.
2024-05-16 00:23:45 INFO Task (0, b'\xff\xd8\xff\xe0\x00\x10JFIF\x00\x01\x01\x01\x00..., .jpg) completed successfully.
2024-05-16 00:23:45 INFO Task (1, b'\xff\xd8\xff\xe0\x00\x10JFIF\x00\x01\x01\x01\x00..., .jpg) completed successfully.
2024-05-16 00:23:45 INFO Task (3, b'\xff\xd8\xff\xe0\x00\x10JFIF\x00\x01\x01\x01\x00..., .jpg) completed successfully.
2024-05-16 00:23:45 INFO Task (2, b'\xff\xd8\xff\xe0\x00\x10JFIF\x00\x01\x01\x01\x00..., .jpg) completed successfully.
2024-05-16 00:29:40 INFO Task (0) completed successfully.
2024-05-16 00:29:40 INFO Task (1) completed successfully.
2024-05-16 00:29:40 INFO Task (2) completed successfully.
2024-05-16 00:29:40 INFO Task (3) completed successfully.
2024-05-16 00:29:40 INFO Task (4) completed successfully.
2024-05-16 00:29:40 INFO Task (5) completed successfully.
2024-05-16 00:29:40 INFO Task (6) completed successfully.
2024-05-16 00:29:40 INFO Task (7) completed successfully.
2024-05-16 00:29:40 INFO Task (8) completed successfully.
2024-05-16 00:29:40 INFO Task (9) completed successfully.
2024-05-16 00:29:40 INFO Task (0) completed successfully.
2024-05-16 00:29:40 INFO Task (1) completed successfully.
2024-05-16 00:29:40 INFO Task (2) completed successfully.
2024-05-16 00:29:40 INFO Task (3) completed successfully.
2024-05-16 00:29:40 INFO Task (4) completed successfully.
2024-05-16 00:29:40 INFO Task (5) completed successfully.
2024-05-16 00:29:40 INFO Task (6) completed successfully.
2024-05-16 00:29:40 INFO Task (7) completed successfully.
2024-05-16 00:29:40 INFO Task (8) completed successfully.
2024-05-16 00:29:40 INFO Task (9) completed successfully.
2024-05-16 00:29:40 INFO Task <Task finished name='Task-2' coro=<generate_new_tasks() done, defined at G:\Project\CelestialVault\tests\test_thread.py:8> result=[0, 1, 2, 3, 4]> completed successfully.
2024-05-16 00:29:40 INFO Task <Task finished name='Task-3' coro=<generate_new_tasks() done, defined at G:\Project\CelestialVault\tests\test_thread.py:8> result=[1, 2, 3, 4, 5]> completed successfully.
2024-05-16 00:29:40 INFO Task <Task finished name='Task-4' coro=<generate_new_tasks() done, defined at G:\Project\CelestialVault\tests\test_thread.py:8> result=[2, 3, 4, 5, 6]> completed successfully.
2024-05-16 00:29:40 INFO Task <Task finished name='Task-5' coro=<generate_new_tasks() done, defined at G:\Project\CelestialVault\tests\test_thread.py:8> result=[3, 4, 5, 6, 7]> completed successfully.
2024-05-16 00:29:40 INFO Task <Task finished name='Task-6' coro=<generate_new_tasks() done, defined at G:\Project\CelestialVault\tests\test_thread.py:8> result=[4, 5, 6, 7, 8]> completed successfully.
2024-05-16 00:29:40 INFO Task <Task finished name='Task-7' coro=<generate_new_tasks() done, defined at G:\Project\CelestialVault\tests\test_thread.py:8> result=[5, 6, 7, 8, 9]> completed successfully.
2024-05-16 00:29:40 INFO Task <Task finished name='Task-8' coro=<generate_new_tasks() done, defined at G:\Project\CelestialVault\tests\test_thread.py:8> result=[6, 7, 8, 9, 10]> completed successfully.
2024-05-16 00:29:40 INFO Task <Task finished name='Task-9' coro=<generate_new_tasks() done, defined at G:\Project\CelestialVault\tests\test_thread.py:8> result=[7, 8, 9, 10, 11]> completed successfully.
2024-05-16 00:29:40 INFO Task <Task finished name='Task-10' coro=<generate_new_tasks() done, defined at G:\Project\CelestialVault\tests\test_thread.py:8> result=[8, 9, 10, 11, 12]> completed successfully.
2024-05-16 00:29:40 INFO Task <Task finished name='Task-11' coro=<generate_new_tasks() done, defined at G:\Project\CelestialVault\tests\test_thread.py:8> result=[9, 10, 11, 12, 13]> completed successfully.
